
> zypherai@0.1.0 build
> next build

Î“ĂśĂˇ Warning: Next.js inferred your workspace root, but it may not be correct.
 We detected multiple lockfiles and selected the directory of C:\Users\Harish\package-lock.json as the root directory.
 To silence this warning, set `turbopack.root` in your Next.js config, or consider removing one of the lockfiles if it's not needed.
   See https://nextjs.org/docs/app/api-reference/config/next-config-js/turbopack#root-directory for more information.
 Detected additional lockfiles: 
   * C:\Users\Harish\Desktop\zypher\package-lock.json

Î“Ă»â–“ Next.js 16.1.6 (Turbopack)
- Environments: .env.local
- Experiments (use with caution):
  â”¬â•– staleTimes

  Creating an optimized production build ...
Î“ÂŁĂ´ Compiled successfully in 5.3s
  Running TypeScript ...
  Collecting page data using 11 workers ...
  Generating static pages using 11 workers (0/13) ...
  Generating static pages using 11 workers (3/13) 
  Generating static pages using 11 workers (6/13) 
  Generating static pages using 11 workers (9/13) 
Î“ÂŁĂ´ Generating static pages using 11 workers (13/13) in 450.8ms
  Finalizing page optimization ...

Route (app)
Î“Ă¶Ă® Î“ĂąĂŻ /
Î“Ă¶ÂŁ Î“ĂąĂŻ /_not-found
Î“Ă¶ÂŁ Î“ĂąĂŻ /dashboard
Î“Ă¶ÂŁ Î“ĂąĂŻ /forecast
Î“Ă¶ÂŁ Î“ĂąĂŻ /heatmap
Î“Ă¶ÂŁ Î“ĂąĂŻ /inventory
Î“Ă¶ÂŁ Î“ĂąĂŻ /login
Î“Ă¶ÂŁ Î“ĂąĂŻ /procurement
Î“Ă¶ÂŁ Î“ĂąĂŻ /shipments
Î“Ă¶ÂŁ Î“ĂąĂŻ /simulation
Î“Ă¶Ă¶ Î“ĂąĂŻ /suppliers


Î“ĂąĂŻ  (Static)  prerendered as static content

